------------------------------
System tpu-v4-256-TF
Benchmark dlrm
------------------------------
Run 0
------------------------------
Run 1
------------------------------
Run 2
------------------------------
Run 3
------------------------------
Run 4
------------------------------
------------------------------
System tpu-v4-1024-JAX
Benchmark unet3d
------------------------------
Run 0
------------------------------
Run 1
Failed checks for eval_accuracy :  v['value'] >= 0.908
------------------------------
Run 10
Failed checks for eval_accuracy :  v['value'] >= 0.908
------------------------------
Run 11
------------------------------
Run 12
------------------------------
Run 13
------------------------------
Run 14
------------------------------
Run 15
------------------------------
Run 16
------------------------------
Run 17
------------------------------
Run 18
------------------------------
Run 19
------------------------------
Run 2
------------------------------
Run 20
------------------------------
Run 21
------------------------------
Run 22
------------------------------
Run 23
------------------------------
Run 24
------------------------------
Run 25
------------------------------
Run 26
------------------------------
Run 27
------------------------------
Run 28
------------------------------
Run 29
------------------------------
Run 3
------------------------------
Run 30
------------------------------
Run 31
------------------------------
Run 32
------------------------------
Run 33
------------------------------
Run 34
------------------------------
Run 35
Failed checks for eval_accuracy :  v['value'] >= 0.908
------------------------------
Run 36
------------------------------
Run 37
------------------------------
Run 38
------------------------------
Run 39
------------------------------
Run 4
------------------------------
Run 5
------------------------------
Run 6
------------------------------
Run 7
Failed checks for eval_accuracy :  v['value'] >= 0.908
------------------------------
Run 8
------------------------------
Run 9
WARNING: 4 file does not comply.
WARNING: Allowing this failure for unet3d under olympic scoring rules.
------------------------------
------------------------------
System tpu-v4-2048-TF
Benchmark maskrcnn
------------------------------
Run 0
------------------------------
Run 1
------------------------------
Run 2
------------------------------
Run 3
------------------------------
Run 4
------------------------------
------------------------------
System tpu-v4-4096-TF
Benchmark bert
------------------------------
Run 0
------------------------------
Run 1
------------------------------
Run 2
------------------------------
Run 3
------------------------------
Run 4
------------------------------
Run 5
------------------------------
Run 6
------------------------------
Run 7
------------------------------
Run 8
------------------------------
Run 9
RCP test failed but allowed to proceed with RCP bypass
------------------------------
------------------------------
System tpu-v4-4096-TF
Benchmark ssd
------------------------------
Run 0
------------------------------
Run 1
------------------------------
Run 2
------------------------------
Run 3
------------------------------
Run 4
------------------------------
------------------------------
System tpu-v4-4096-TF
Benchmark resnet
------------------------------
Run 0
------------------------------
Run 1
------------------------------
Run 2
------------------------------
Run 3
------------------------------
Run 4
------------------------------
------------------------------
System tpu-v4-256-JAX-Distributed-Shampoo
Benchmark resnet
------------------------------
Run 0
------------------------------
Run 1
------------------------------
Run 2
------------------------------
Run 3
------------------------------
Run 4
------------------------------
------------------------------
System tpu-v4-6912-TF
Benchmark bert
------------------------------
Run 0
------------------------------
Run 1
------------------------------
Run 2
------------------------------
Run 3
------------------------------
Run 4
------------------------------
Run 5
------------------------------
Run 6
------------------------------
Run 7
------------------------------
Run 8
------------------------------
Run 9
RCP test failed but allowed to proceed with RCP bypass
------------------------------
------------------------------
System tpu-v4-6912-TF
Benchmark resnet
------------------------------
Run 0
------------------------------
Run 1
------------------------------
Run 2
------------------------------
Run 3
------------------------------
Run 4
------------------------------
------------------------------
System tpu-v4-128-JAX
Benchmark unet3d
------------------------------
Run 0
------------------------------
Run 1
------------------------------
Run 10
------------------------------
Run 11
------------------------------
Run 12
------------------------------
Run 13
------------------------------
Run 14
------------------------------
Run 15
------------------------------
Run 16
------------------------------
Run 17
------------------------------
Run 18
------------------------------
Run 19
------------------------------
Run 2
------------------------------
Run 20
------------------------------
Run 21
------------------------------
Run 22
------------------------------
Run 23
------------------------------
Run 24
------------------------------
Run 25
------------------------------
Run 26
------------------------------
Run 27
------------------------------
Run 28
------------------------------
Run 29
------------------------------
Run 3
------------------------------
Run 30
------------------------------
Run 31
------------------------------
Run 32
------------------------------
Run 33
------------------------------
Run 34
------------------------------
Run 35
------------------------------
Run 36
------------------------------
Run 37
------------------------------
Run 38
------------------------------
Run 39
------------------------------
Run 4
------------------------------
Run 5
------------------------------
Run 6
------------------------------
Run 7
------------------------------
Run 8
------------------------------
Run 9
------------------------------
------------------------------
System tpu-v4-128-TF
Benchmark maskrcnn
------------------------------
Run 0
------------------------------
Run 1
------------------------------
Run 2
------------------------------
Run 3
------------------------------
Run 4
------------------------------
------------------------------
System tpu-v4-128-TF
Benchmark bert
------------------------------
Run 0
------------------------------
Run 1
------------------------------
Run 2
------------------------------
Run 3
------------------------------
Run 4
------------------------------
Run 5
------------------------------
Run 6
------------------------------
Run 7
------------------------------
Run 8
------------------------------
Run 9
------------------------------
------------------------------
System tpu-v4-128-TF
Benchmark ssd
------------------------------
Run 0
------------------------------
Run 1
------------------------------
Run 2
------------------------------
Run 3
------------------------------
Run 4
------------------------------
------------------------------
System tpu-v4-128-TF
Benchmark dlrm
------------------------------
Run 0
------------------------------
Run 1
------------------------------
Run 2
------------------------------
Run 3
------------------------------
Run 4
------------------------------
------------------------------
System tpu-v4-128-TF
Benchmark resnet
------------------------------
Run 0
------------------------------
Run 1
------------------------------
Run 2
------------------------------
Run 3
------------------------------
Run 4
------------------------------
SUCCESS
Table CSV prefix: Google,tpu-v4-256,AMD Rome,256,TPU,128,JAX,
Table CSV postfix: ,https://github.com/mlperf/training_results_v1.0.0/blob/master/Google/systems/tpu-v4-256.json,https://github.com/mlperf/training_results_v1.0.0/blob/master/Google/benchmarks,
SUCCESS
Table CSV prefix: Google,tpu-v4-1024,AMD Rome,256,TPU,512,JAX,
Table CSV postfix: ,https://github.com/mlperf/training_results_v1.0.0/blob/master/Google/systems/tpu-v4-1024.json,https://github.com/mlperf/training_results_v1.0.0/blob/master/Google/benchmarks,
SUCCESS
Table CSV prefix: Google,tpu-v4-4096,AMD Rome,256,TPU,2048,TensorFlow,
Table CSV postfix: ,https://github.com/mlperf/training_results_v1.0.0/blob/master/Google/systems/tpu-v4-4096.json,https://github.com/mlperf/training_results_v1.0.0/blob/master/Google/benchmarks,
SUCCESS
Table CSV prefix: Google,tpu-v4-2048,AMD Rome,256,TPU,1024,TensorFlow,
Table CSV postfix: ,https://github.com/mlperf/training_results_v1.0.0/blob/master/Google/systems/tpu-v4-2048.json,https://github.com/mlperf/training_results_v1.0.0/blob/master/Google/benchmarks,
SUCCESS
Table CSV prefix: Google,tpu-v4-128,AMD Rome,256,TPU,64,TensorFlow,
Table CSV postfix: ,https://github.com/mlperf/training_results_v1.0.0/blob/master/Google/systems/tpu-v4-128.json,https://github.com/mlperf/training_results_v1.0.0/blob/master/Google/benchmarks,
SUCCESS
Table CSV prefix: Google,tpu-v4-6912,AMD Rome,256,TPU,3456,TensorFlow,
Table CSV postfix: ,https://github.com/mlperf/training_results_v1.0.0/blob/master/Google/systems/tpu-v4-6912.json,https://github.com/mlperf/training_results_v1.0.0/blob/master/Google/benchmarks,
SUCCESS
Table CSV prefix: Google,tpu-v4-128,AMD Rome,256,TPU,64,JAX,
Table CSV postfix: ,https://github.com/mlperf/training_results_v1.0.0/blob/master/Google/systems/tpu-v4-128.json,https://github.com/mlperf/training_results_v1.0.0/blob/master/Google/benchmarks,
SUCCESS
Table CSV prefix: Google,tpu-v4-256,AMD Rome,256,TPU,128,TensorFlow,
Table CSV postfix: ,https://github.com/mlperf/training_results_v1.0.0/blob/master/Google/systems/tpu-v4-256.json,https://github.com/mlperf/training_results_v1.0.0/blob/master/Google/benchmarks,
Failed checks for eval_accuracy :  v['value'] >= 0.908
Failed checks for eval_accuracy :  v['value'] >= 0.908
Failed checks for eval_accuracy :  v['value'] >= 0.908
Failed checks for eval_accuracy :  v['value'] >= 0.908
NOTICE: Dropping non-converged run(s) for Google tpu-v4-1024-JAX/unet3d using olympic scoring.
"closed","Google","tpu-v4-1024","AMD Rome",2,"TPU",512,"JAX",,,,,,,,6.17,https://github.com/mlperf/training_results_v1/blob/master/Google/systems/tpu-v4-1024.json,https://github.com/mlperf/training_results_v1/blob/master/Google/benchmarks,
"closed","Google","tpu-v4-128","AMD Rome",2,"TPU",64,"JAX",,,,,,,,27.52,https://github.com/mlperf/training_results_v1/blob/master/Google/systems/tpu-v4-128.json,https://github.com/mlperf/training_results_v1/blob/master/Google/benchmarks,
"closed","Google","tpu-v4-128","AMD Rome",2,"TPU",64,"TensorFlow",4.06,0.84,15.23,,4.30,1.55,,,https://github.com/mlperf/training_results_v1/blob/master/Google/systems/tpu-v4-128.json,https://github.com/mlperf/training_results_v1/blob/master/Google/benchmarks,
"closed","Google","tpu-v4-2048","AMD Rome",2,"TPU",1024,"TensorFlow",,,4.68,,,,,,https://github.com/mlperf/training_results_v1/blob/master/Google/systems/tpu-v4-2048.json,https://github.com/mlperf/training_results_v1/blob/master/Google/benchmarks,
"closed","Google","tpu-v4-256","AMD Rome",2,"TPU",128,"TensorFlow",,0.64,,,,,,,https://github.com/mlperf/training_results_v1/blob/master/Google/systems/tpu-v4-256.json,https://github.com/mlperf/training_results_v1/blob/master/Google/benchmarks,
"closed","Google","tpu-v4-4096","AMD Rome",2,"TPU",2048,"TensorFlow",0.32,,,,0.28,0.34,,,https://github.com/mlperf/training_results_v1/blob/master/Google/systems/tpu-v4-4096.json,https://github.com/mlperf/training_results_v1/blob/master/Google/benchmarks,
"closed","Google","tpu-v4-6912","AMD Rome",2,"TPU",3456,"TensorFlow",0.28,,,,0.23,,,,https://github.com/mlperf/training_results_v1/blob/master/Google/systems/tpu-v4-6912.json,https://github.com/mlperf/training_results_v1/blob/master/Google/benchmarks,
"open","Google","tpu-v4-256","AMD Rome",2,"TPU",128,"JAX",,,,,3.32,,,,https://github.com/mlperf/training_results_v1/blob/master/Google/systems/tpu-v4-256.json,https://github.com/mlperf/training_results_v1/blob/master/Google/benchmarks,
